{
"contracts\\Plantiverse.sol":{"l":{"23":31,"24":30,"31":3,"32":3,"40":28,"41":28,"42":28,"43":28,"44":28,"52":1,"54":1,"62":1,"63":1,"64":1,"65":1,"85":33,"86":31},"path":"C:\\Users\\elric\\Desktop\\softSmartContract\\contracts\\Plantiverse.sol","s":{"1":31,"2":3,"3":28,"4":28,"5":28,"6":28,"7":1,"8":1,"9":1,"10":1,"11":1,"12":33,"13":31},"b":{"1":[30,1],"2":[28,1],"3":[1,0],"4":[1,0],"5":[1,0],"6":[31,2]},"f":{"1":31,"2":3,"3":28,"4":1,"5":1,"6":33},"fnMap":{"1":{"name":"onlyOwner","line":22,"loc":{"start":{"line":22,"column":4},"end":{"line":25,"column":4}}},"2":{"name":"constructor","line":30,"loc":{"start":{"line":30,"column":4},"end":{"line":33,"column":4}}},"3":{"name":"mint","line":39,"loc":{"start":{"line":39,"column":4},"end":{"line":45,"column":4}}},"4":{"name":"updateBaseURI","line":51,"loc":{"start":{"line":51,"column":4},"end":{"line":55,"column":4}}},"5":{"name":"transferOwnership","line":61,"loc":{"start":{"line":61,"column":4},"end":{"line":66,"column":4}}},"6":{"name":"uri","line":84,"loc":{"start":{"line":84,"column":4},"end":{"line":87,"column":4}}}},"statementMap":{"1":{"start":{"line":23,"column":8},"end":{"line":23,"column":60}},"2":{"start":{"line":31,"column":8},"end":{"line":31,"column":28}},"3":{"start":{"line":41,"column":8},"end":{"line":41,"column":32}},"4":{"start":{"line":42,"column":8},"end":{"line":42,"column":46}},"5":{"start":{"line":43,"column":8},"end":{"line":43,"column":44}},"6":{"start":{"line":44,"column":8},"end":{"line":44,"column":67}},"7":{"start":{"line":52,"column":8},"end":{"line":52,"column":30}},"8":{"start":{"line":54,"column":8},"end":{"line":54,"column":56}},"9":{"start":{"line":62,"column":8},"end":{"line":62,"column":61}},"10":{"start":{"line":63,"column":8},"end":{"line":63,"column":32}},"11":{"start":{"line":65,"column":8},"end":{"line":65,"column":53}},"12":{"start":{"line":85,"column":8},"end":{"line":85,"column":89}},"13":{"start":{"line":86,"column":8},"end":{"line":86,"column":86}}},"branchMap":{"1":{"line":23,"type":"if","locations":[{"start":{"line":23,"column":8},"end":{"line":23,"column":8}},{"start":{"line":23,"column":8},"end":{"line":23,"column":8}}]},"2":{"line":39,"type":"if","locations":[{"start":{"line":39,"column":44},"end":{"line":39,"column":44}},{"start":{"line":39,"column":44},"end":{"line":39,"column":44}}]},"3":{"line":51,"type":"if","locations":[{"start":{"line":51,"column":62},"end":{"line":51,"column":62}},{"start":{"line":51,"column":62},"end":{"line":51,"column":62}}]},"4":{"line":61,"type":"if","locations":[{"start":{"line":61,"column":58},"end":{"line":61,"column":58}},{"start":{"line":61,"column":58},"end":{"line":61,"column":58}}]},"5":{"line":62,"type":"if","locations":[{"start":{"line":62,"column":8},"end":{"line":62,"column":8}},{"start":{"line":62,"column":8},"end":{"line":62,"column":8}}]},"6":{"line":85,"type":"if","locations":[{"start":{"line":85,"column":8},"end":{"line":85,"column":8}},{"start":{"line":85,"column":8},"end":{"line":85,"column":8}}]}}}}
