TN:
SF:C:\Users\elric\Desktop\softSmartContract\contracts\Plantiverse.sol
FN:22,onlyOwner
FN:30,constructor
FN:39,mint
FN:51,updateBaseURI
FN:61,transferOwnership
FN:84,uri
FNF:6
FNH:6
FNDA:31,onlyOwner
FNDA:3,constructor
FNDA:28,mint
FNDA:1,updateBaseURI
FNDA:1,transferOwnership
FNDA:33,uri
DA:23,31
DA:24,30
DA:31,3
DA:32,3
DA:40,28
DA:41,28
DA:42,28
DA:43,28
DA:44,28
DA:52,1
DA:54,1
DA:62,1
DA:63,1
DA:64,1
DA:65,1
DA:85,33
DA:86,31
LF:17
LH:17
BRDA:23,1,0,30
BRDA:23,1,1,1
BRDA:39,2,0,28
BRDA:39,2,1,1
BRDA:51,3,0,1
BRDA:51,3,1,0
BRDA:61,4,0,1
BRDA:61,4,1,0
BRDA:62,5,0,1
BRDA:62,5,1,0
BRDA:85,6,0,31
BRDA:85,6,1,2
BRF:12
BRH:9
end_of_record
